[debug] [2021-12-23T14:35:11.689Z] ----------------------------------------------------------------------
[debug] [2021-12-23T14:35:11.696Z] Command:       C:\Program Files\nodejs\node.exe C:\Users\ishan\AppData\Roaming\npm\node_modules\firebase-tools\lib\bin\firebase.js init
[debug] [2021-12-23T14:35:11.697Z] CLI Version:   10.0.1
[debug] [2021-12-23T14:35:11.698Z] Platform:      win32
[debug] [2021-12-23T14:35:11.699Z] Node Version:  v17.3.0
[debug] [2021-12-23T14:35:11.702Z] Time:          Thu Dec 23 2021 20:05:11 GMT+0530 (India Standard Time)
[debug] [2021-12-23T14:35:11.703Z] ----------------------------------------------------------------------
[debug] 
[debug] [2021-12-23T14:35:11.883Z] > command requires scopes: ["email","openid","https://www.googleapis.com/auth/cloudplatformprojects.readonly","https://www.googleapis.com/auth/firebase","https://www.googleapis.com/auth/cloud-platform"]
[debug] [2021-12-23T14:35:11.884Z] > authorizing via signed-in user (ishandas10aug@gmail.com)
[info] 
     ######## #### ########  ######## ########     ###     ######  ########
     ##        ##  ##     ## ##       ##     ##  ##   ##  ##       ##
     ######    ##  ########  ######   ########  #########  ######  ######
     ##        ##  ##    ##  ##       ##     ## ##     ##       ## ##
     ##       #### ##     ## ######## ########  ##     ##  ######  ########

You're about to initialize a Firebase project in this directory:

  C:\Users\ishan\OneDrive\Desktop\react-firebase-chat

Before we get started, keep in mind:

  * You are initializing within an existing Firebase project directory

[info] 
=== Project Setup
[info] 
[info] First, let's associate this project directory with a Firebase project.
[info] You can create multiple project aliases by running firebase use --add, 
[info] but for now we'll just set up a default project.
[info] 
[debug] [2021-12-23T14:35:17.812Z] Using project from CLI flag: react-messenger-6edeb
[debug] [2021-12-23T14:35:17.821Z] > refreshing access token with scopes: []
[debug] [2021-12-23T14:35:17.823Z] >>> HTTP REQUEST POST https://www.googleapis.com/oauth2/v3/token  
 <request body omitted>
[debug] [2021-12-23T14:35:18.279Z] <<< HTTP RESPONSE 200 {"pragma":"no-cache","expires":"Mon, 01 Jan 1990 00:00:00 GMT","date":"Thu, 23 Dec 2021 14:35:17 GMT","cache-control":"no-cache, no-store, max-age=0, must-revalidate","content-type":"application/json; charset=utf-8","vary":"X-Origin, Referer, Origin,Accept-Encoding","server":"scaffolding on HTTPServer2","x-xss-protection":"0","x-frame-options":"SAMEORIGIN","x-content-type-options":"nosniff","alt-svc":"h3=\":443\"; ma=2592000,h3-29=\":443\"; ma=2592000,h3-Q050=\":443\"; ma=2592000,h3-Q046=\":443\"; ma=2592000,h3-Q043=\":443\"; ma=2592000,quic=\":443\"; ma=2592000; v=\"46,43\"","accept-ranges":"none","transfer-encoding":"chunked"}
[debug] [2021-12-23T14:35:18.421Z] >>> [apiv2][query] GET https://firebase.googleapis.com/v1beta1/projects/react-messenger-6edeb [none]
[debug] [2021-12-23T14:35:18.861Z] <<< [apiv2][status] GET https://firebase.googleapis.com/v1beta1/projects/react-messenger-6edeb 200
[debug] [2021-12-23T14:35:18.862Z] <<< [apiv2][body] GET https://firebase.googleapis.com/v1beta1/projects/react-messenger-6edeb {"projectId":"react-messenger-6edeb","projectNumber":"727819983812","displayName":"react-messenger","name":"projects/react-messenger-6edeb","resources":{"hostingSite":"react-messenger-6edeb","storageBucket":"react-messenger-6edeb.appspot.com","locationId":"us-central"},"state":"ACTIVE"}
[info] i  Using project react-messenger-6edeb (react-messenger) 
[info] 
=== Hosting Setup
[info] 
[info] Your public directory is the folder (relative to your project directory) that
[info] will contain Hosting assets to be uploaded with firebase deploy. If you
[info] have a build process for your assets, use your build's output directory.
[info] 
